Time[ps]      Etot[eV]     Epot[eV]     Ekin[eV]    T[K]
0.0000      -33126.9629  -33127.0009       0.0379     9.2
0.0020      -33126.9630  -33126.9985       0.0355     8.6
0.0040      -33126.9628  -33126.9942       0.0313     7.6
0.0060      -33126.9628  -33126.9922       0.0294     7.1
0.0080      -33126.9632  -33126.9932       0.0300     7.3
0.0100      -33126.9634  -33126.9939       0.0305     7.4
0.0120      -33126.9633  -33126.9923       0.0290     7.0
0.0140      -33126.9634  -33126.9902       0.0268     6.5
0.0160      -33126.9636  -33126.9893       0.0256     6.2
0.0180      -33126.9638  -33126.9891       0.0253     6.1
0.0200      -33126.9636  -33126.9882       0.0245     5.9
0.0220      -33126.9635  -33126.9871       0.0237     5.7
0.0240      -33126.9634  -33126.9875       0.0240     5.8
0.0260      -33126.9636  -33126.9890       0.0254     6.1
0.0280      -33126.9637  -33126.9899       0.0262     6.3
0.0300      -33126.9636  -33126.9896       0.0260     6.3
0.0320      -33126.9635  -33126.9890       0.0255     6.2
0.0340      -33126.9634  -33126.9894       0.0260     6.3
0.0360      -33126.9634  -33126.9907       0.0273     6.6
0.0380      -33126.9636  -33126.9923       0.0287     6.9
0.0400      -33126.9638  -33126.9938       0.0300     7.3
0.0420      -33126.9639  -33126.9946       0.0307     7.4
0.0440      -33126.9638  -33126.9941       0.0303     7.3
0.0460      -33126.9636  -33126.9931       0.0295     7.1
0.0480      -33126.9637  -33126.9931       0.0294     7.1
0.0500      -33126.9637  -33126.9949       0.0312     7.5
0.0520      -33126.9636  -33126.9968       0.0332     8.0
0.0540      -33126.9636  -33126.9969       0.0333     8.1
0.0560      -33126.9636  -33126.9951       0.0315     7.6
0.0580      -33126.9636  -33126.9933       0.0297     7.2
0.0600      -33126.9637  -33126.9928       0.0291     7.0
0.0620      -33126.9637  -33126.9924       0.0288     7.0
0.0640      -33126.9636  -33126.9913       0.0277     6.7
0.0660      -33126.9638  -33126.9902       0.0264     6.4
0.0680      -33126.9638  -33126.9899       0.0262     6.3
0.0700      -33126.9638  -33126.9902       0.0264     6.4
0.0720      -33126.9638  -33126.9897       0.0259     6.3
0.0740      -33126.9637  -33126.9883       0.0246     5.9
0.0760      -33126.9637  -33126.9874       0.0238     5.7
0.0780      -33126.9637  -33126.9882       0.0245     5.9
0.0800      -33126.9638  -33126.9900       0.0262     6.3
0.0820      -33126.9638  -33126.9912       0.0274     6.6
0.0840      -33126.9637  -33126.9911       0.0274     6.6
0.0860      -33126.9637  -33126.9906       0.0269     6.5
0.0880      -33126.9637  -33126.9903       0.0266     6.4
0.0900      -33126.9637  -33126.9908       0.0271     6.6
0.0920      -33126.9637  -33126.9918       0.0282     6.8
0.0940      -33126.9637  -33126.9930       0.0294     7.1
0.0960      -33126.9637  -33126.9936       0.0299     7.2
0.0980      -33126.9636  -33126.9929       0.0294     7.1
0.1000      -33126.9634  -33126.9916       0.0282     6.8
0.1020      -33126.9632  -33126.9909       0.0277     6.7
0.1040      -33126.9631  -33126.9919       0.0288     7.0
0.1060      -33126.9632  -33126.9938       0.0307     7.4
0.1080      -33126.9632  -33126.9949       0.0317     7.7
0.1100      -33126.9631  -33126.9943       0.0312     7.5
0.1120      -33126.9630  -33126.9926       0.0297     7.2
0.1140      -33126.9630  -33126.9911       0.0281     6.8
0.1160      -33126.9630  -33126.9901       0.0272     6.6
0.1180      -33126.9630  -33126.9896       0.0266     6.4
0.1200      -33126.9630  -33126.9894       0.0264     6.4
0.1220      -33126.9630  -33126.9899       0.0269     6.5
0.1240      -33126.9630  -33126.9907       0.0277     6.7
0.1260      -33126.9631  -33126.9906       0.0276     6.7
0.1280      -33126.9630  -33126.9892       0.0262     6.3
0.1300      -33126.9628  -33126.9877       0.0249     6.0
0.1320      -33126.9628  -33126.9885       0.0257     6.2
0.1340      -33126.9630  -33126.9915       0.0285     6.9
0.1360      -33126.9631  -33126.9941       0.0310     7.5
0.1380      -33126.9630  -33126.9938       0.0309     7.5
0.1400      -33126.9629  -33126.9916       0.0287     6.9
0.1420      -33126.9628  -33126.9906       0.0279     6.7
0.1440      -33126.9630  -33126.9923       0.0293     7.1
0.1460      -33126.9633  -33126.9946       0.0313     7.6
0.1480      -33126.9632  -33126.9949       0.0317     7.7
0.1500      -33126.9630  -33126.9934       0.0304     7.4
0.1520      -33126.9631  -33126.9923       0.0292     7.0
0.1540      -33126.9631  -33126.9923       0.0292     7.1
0.1560      -33126.9632  -33126.9924       0.0292     7.1
0.1580      -33126.9631  -33126.9919       0.0289     7.0
0.1600      -33126.9630  -33126.9918       0.0288     7.0
0.1620      -33126.9631  -33126.9928       0.0297     7.2
0.1640      -33126.9633  -33126.9938       0.0305     7.4
0.1660      -33126.9633  -33126.9935       0.0302     7.3
0.1680      -33126.9632  -33126.9920       0.0288     7.0
0.1700      -33126.9630  -33126.9908       0.0277     6.7
0.1720      -33126.9631  -33126.9910       0.0279     6.7
0.1740      -33126.9631  -33126.9921       0.0290     7.0
0.1760      -33126.9632  -33126.9934       0.0303     7.3
0.1780      -33126.9631  -33126.9941       0.0310     7.5
0.1800      -33126.9630  -33126.9937       0.0307     7.4
0.1820      -33126.9630  -33126.9926       0.0296     7.2
0.1840      -33126.9629  -33126.9920       0.0292     7.1
0.1860      -33126.9629  -33126.9931       0.0302     7.3
0.1880      -33126.9631  -33126.9950       0.0319     7.7
0.1900      -33126.9632  -33126.9955       0.0323     7.8
0.1920      -33126.9629  -33126.9939       0.0311     7.5
0.1940      -33126.9627  -33126.9924       0.0297     7.2
0.1960      -33126.9626  -33126.9925       0.0299     7.2
0.1980      -33126.9627  -33126.9934       0.0307     7.4
0.2000      -33126.9626  -33126.9928       0.0302     7.3
0.2020      -33126.9623  -33126.9912       0.0289     7.0
0.2040      -33126.9624  -33126.9909       0.0285     6.9
0.2060      -33126.9626  -33126.9924       0.0298     7.2
0.2080      -33126.9629  -33126.9932       0.0303     7.3
0.2100      -33126.9627  -33126.9919       0.0291     7.0
0.2120      -33126.9624  -33126.9902       0.0278     6.7
0.2140      -33126.9624  -33126.9914       0.0290     7.0
0.2160      -33126.9627  -33126.9949       0.0322     7.8
0.2180      -33126.9628  -33126.9970       0.0342     8.3
0.2200      -33126.9627  -33126.9955       0.0329     7.9
0.2220      -33126.9626  -33126.9926       0.0300     7.3
0.2240      -33126.9626  -33126.9914       0.0289     7.0
0.2260      -33126.9627  -33126.9923       0.0297     7.2
0.2280      -33126.9628  -33126.9934       0.0306     7.4
0.2300      -33126.9627  -33126.9938       0.0311     7.5
0.2320      -33126.9627  -33126.9941       0.0314     7.6
0.2340      -33126.9627  -33126.9945       0.0318     7.7
0.2360      -33126.9627  -33126.9943       0.0316     7.6
0.2380      -33126.9626  -33126.9933       0.0307     7.4
0.2400      -33126.9625  -33126.9930       0.0305     7.4
0.2420      -33126.9625  -33126.9942       0.0316     7.6
0.2440      -33126.9627  -33126.9957       0.0330     8.0
0.2460      -33126.9627  -33126.9957       0.0331     8.0
0.2480      -33126.9624  -33126.9943       0.0319     7.7
0.2500      -33126.9623  -33126.9928       0.0306     7.4
0.2520      -33126.9623  -33126.9922       0.0300     7.2
0.2540      -33126.9623  -33126.9922       0.0299     7.2
0.2560      -33126.9625  -33126.9924       0.0300     7.2
0.2580      -33126.9623  -33126.9929       0.0306     7.4
0.2600      -33126.9623  -33126.9933       0.0311     7.5
0.2620      -33126.9623  -33126.9929       0.0307     7.4
0.2640      -33126.9620  -33126.9917       0.0297     7.2
0.2660      -33126.9618  -33126.9909       0.0291     7.0
0.2680      -33126.9617  -33126.9920       0.0303     7.3
0.2700      -33126.9618  -33126.9943       0.0324     7.8
0.2720      -33126.9619  -33126.9953       0.0334     8.1
0.2740      -33126.9617  -33126.9939       0.0322     7.8
0.2760      -33126.9616  -33126.9916       0.0300     7.2
0.2780      -33126.9616  -33126.9905       0.0289     7.0
0.2800      -33126.9617  -33126.9911       0.0294     7.1
0.2820      -33126.9617  -33126.9921       0.0304     7.4
0.2840      -33126.9616  -33126.9926       0.0310     7.5
0.2860      -33126.9616  -33126.9926       0.0310     7.5
0.2880      -33126.9616  -33126.9926       0.0310     7.5
0.2900      -33126.9616  -33126.9925       0.0309     7.5
0.2920      -33126.9617  -33126.9925       0.0308     7.5
0.2940      -33126.9616  -33126.9928       0.0311     7.5
0.2960      -33126.9617  -33126.9934       0.0318     7.7
0.2980      -33126.9617  -33126.9944       0.0327     7.9
0.3000      -33126.9619  -33126.9952       0.0334     8.1
0.3020      -33126.9620  -33126.9954       0.0335     8.1
0.3040      -33126.9622  -33126.9950       0.0328     7.9
0.3060      -33126.9622  -33126.9945       0.0324     7.8
0.3080      -33126.9621  -33126.9945       0.0323     7.8
0.3100      -33126.9622  -33126.9948       0.0326     7.9
0.3120      -33126.9622  -33126.9951       0.0329     8.0
0.3140      -33126.9623  -33126.9952       0.0329     8.0
0.3160      -33126.9622  -33126.9946       0.0324     7.8
0.3180      -33126.9620  -33126.9932       0.0312     7.5
0.3200      -33126.9619  -33126.9919       0.0300     7.3
0.3220      -33126.9619  -33126.9918       0.0299     7.2
0.3240      -33126.9620  -33126.9928       0.0308     7.4
0.3260      -33126.9620  -33126.9936       0.0315     7.6
0.3280      -33126.9620  -33126.9927       0.0307     7.4
0.3300      -33126.9618  -33126.9910       0.0291     7.0
0.3320      -33126.9617  -33126.9902       0.0286     6.9
0.3340      -33126.9618  -33126.9915       0.0296     7.2
0.3360      -33126.9619  -33126.9933       0.0315     7.6
0.3380      -33126.9619  -33126.9943       0.0323     7.8
0.3400      -33126.9619  -33126.9945       0.0326     7.9
0.3420      -33126.9619  -33126.9953       0.0335     8.1
0.3440      -33126.9620  -33126.9966       0.0346     8.4
0.3460      -33126.9620  -33126.9967       0.0347     8.4
0.3480      -33126.9617  -33126.9952       0.0335     8.1
0.3500      -33126.9616  -33126.9942       0.0325     7.9
0.3520      -33126.9615  -33126.9956       0.0341     8.2
0.3540      -33126.9616  -33126.9983       0.0367     8.9
0.3560      -33126.9616  -33126.9987       0.0371     9.0
0.3580      -33126.9615  -33126.9959       0.0344     8.3
0.3600      -33126.9613  -33126.9931       0.0318     7.7
0.3620      -33126.9614  -33126.9935       0.0321     7.8
0.3640      -33126.9616  -33126.9960       0.0344     8.3
0.3660      -33126.9617  -33126.9972       0.0355     8.6
0.3680      -33126.9617  -33126.9958       0.0342     8.3
0.3700      -33126.9615  -33126.9940       0.0325     7.9
0.3720      -33126.9616  -33126.9939       0.0323     7.8
0.3740      -33126.9616  -33126.9949       0.0333     8.0
0.3760      -33126.9617  -33126.9952       0.0335     8.1
0.3780      -33126.9616  -33126.9949       0.0333     8.1
0.3800      -33126.9615  -33126.9953       0.0338     8.2
0.3820      -33126.9617  -33126.9966       0.0349     8.4
0.3840      -33126.9617  -33126.9973       0.0356     8.6
0.3860      -33126.9616  -33126.9969       0.0353     8.5
0.3880      -33126.9616  -33126.9966       0.0350     8.5
0.3900      -33126.9617  -33126.9974       0.0357     8.6
0.3920      -33126.9618  -33126.9986       0.0368     8.9
0.3940      -33126.9619  -33126.9988       0.0370     8.9
0.3960      -33126.9618  -33126.9976       0.0358     8.7
0.3980      -33126.9618  -33126.9957       0.0338     8.2
0.4000      -33126.9618  -33126.9938       0.0320     7.7
0.4020      -33126.9616  -33126.9926       0.0310     7.5
0.4040      -33126.9616  -33126.9929       0.0312     7.5
0.4060      -33126.9617  -33126.9946       0.0330     8.0
0.4080      -33126.9616  -33126.9965       0.0349     8.4
0.4100      -33126.9614  -33126.9966       0.0352     8.5
0.4120      -33126.9613  -33126.9953       0.0340     8.2
0.4140      -33126.9613  -33126.9950       0.0337     8.1
0.4160      -33126.9613  -33126.9968       0.0355     8.6
0.4180      -33126.9615  -33126.9989       0.0375     9.1
0.4200      -33126.9615  -33126.9989       0.0374     9.1
0.4220      -33126.9612  -33126.9973       0.0361     8.7
0.4240      -33126.9612  -33126.9967       0.0355     8.6
0.4260      -33126.9614  -33126.9977       0.0363     8.8
0.4280      -33126.9615  -33126.9982       0.0367     8.9
0.4300      -33126.9613  -33126.9971       0.0358     8.6
0.4320      -33126.9612  -33126.9960       0.0347     8.4
0.4340      -33126.9613  -33126.9969       0.0356     8.6
0.4360      -33126.9617  -33126.9989       0.0372     9.0
0.4380      -33126.9619  -33126.9992       0.0373     9.0
0.4400      -33126.9618  -33126.9974       0.0356     8.6
0.4420      -33126.9615  -33126.9960       0.0345     8.3
0.4440      -33126.9615  -33126.9971       0.0356     8.6
0.4460      -33126.9617  -33126.9992       0.0375     9.1
0.4480      -33126.9617  -33126.9997       0.0380     9.2
0.4500      -33126.9614  -33126.9982       0.0368     8.9
0.4520      -33126.9613  -33126.9968       0.0355     8.6
0.4540      -33126.9614  -33126.9970       0.0355     8.6
0.4560      -33126.9615  -33126.9979       0.0364     8.8
0.4580      -33126.9614  -33126.9982       0.0368     8.9
0.4600      -33126.9614  -33126.9981       0.0368     8.9
0.4620      -33126.9613  -33126.9984       0.0371     9.0
0.4640      -33126.9613  -33126.9989       0.0375     9.1
0.4660      -33126.9614  -33126.9985       0.0371     9.0
0.4680      -33126.9613  -33126.9973       0.0360     8.7
0.4700      -33126.9613  -33126.9963       0.0350     8.5
0.4720      -33126.9612  -33126.9962       0.0350     8.5
0.4740      -33126.9612  -33126.9965       0.0353     8.5
0.4760      -33126.9612  -33126.9963       0.0351     8.5
0.4780      -33126.9612  -33126.9957       0.0345     8.4
0.4800      -33126.9612  -33126.9953       0.0341     8.2
0.4820      -33126.9612  -33126.9954       0.0341     8.3
0.4840      -33126.9612  -33126.9959       0.0348     8.4
0.4860      -33126.9612  -33126.9969       0.0357     8.6
0.4880      -33126.9612  -33126.9981       0.0369     8.9
0.4900      -33126.9612  -33126.9990       0.0378     9.1
0.4920      -33126.9611  -33126.9989       0.0378     9.1
0.4940      -33126.9610  -33126.9983       0.0373     9.0
0.4960      -33126.9612  -33126.9982       0.0371     9.0
0.4980      -33126.9613  -33126.9991       0.0378     9.1
0.5000      -33126.9613  -33127.0002       0.0388     9.4
0.5020      -33126.9612  -33127.0002       0.0390     9.4
0.5040      -33126.9612  -33126.9991       0.0378     9.1
0.5060      -33126.9612  -33126.9979       0.0368     8.9
0.5080      -33126.9611  -33126.9976       0.0365     8.8
0.5100      -33126.9611  -33126.9981       0.0371     9.0
0.5120      -33126.9611  -33126.9986       0.0376     9.1
0.5140      -33126.9610  -33126.9987       0.0377     9.1
0.5160      -33126.9609  -33126.9987       0.0378     9.1
0.5180      -33126.9610  -33126.9989       0.0380     9.2
0.5200      -33126.9610  -33126.9994       0.0384     9.3
0.5220      -33126.9608  -33126.9997       0.0389     9.4
0.5240      -33126.9609  -33127.0000       0.0390     9.4
0.5260      -33126.9608  -33127.0006       0.0398     9.6
0.5280      -33126.9607  -33127.0017       0.0409     9.9
0.5300      -33126.9607  -33127.0024       0.0417    10.1
0.5320      -33126.9604  -33127.0020       0.0416    10.1
0.5340      -33126.9603  -33127.0008       0.0405     9.8
0.5360      -33126.9603  -33127.0000       0.0398     9.6
0.5380      -33126.9601  -33127.0005       0.0403     9.7
0.5400      -33126.9601  -33127.0014       0.0412    10.0
0.5420      -33126.9602  -33127.0015       0.0412    10.0
0.5440      -33126.9601  -33127.0005       0.0404     9.8
0.5460      -33126.9602  -33126.9991       0.0389     9.4
0.5480      -33126.9601  -33126.9981       0.0380     9.2
0.5500      -33126.9602  -33126.9976       0.0375     9.1
0.5520      -33126.9602  -33126.9978       0.0376     9.1
0.5540      -33126.9602  -33126.9986       0.0384     9.3
0.5560      -33126.9603  -33126.9997       0.0394     9.5
0.5580      -33126.9603  -33127.0003       0.0400     9.7
0.5600      -33126.9604  -33126.9998       0.0395     9.5
0.5620      -33126.9603  -33126.9992       0.0389     9.4
0.5640      -33126.9604  -33126.9995       0.0392     9.5
0.5660      -33126.9604  -33127.0009       0.0404     9.8
0.5680      -33126.9605  -33127.0018       0.0413    10.0
0.5700      -33126.9605  -33127.0016       0.0412     9.9
0.5720      -33126.9605  -33127.0010       0.0405     9.8
0.5740      -33126.9604  -33127.0008       0.0404     9.8
0.5760      -33126.9604  -33127.0009       0.0405     9.8
0.5780      -33126.9602  -33127.0006       0.0404     9.8
0.5800      -33126.9601  -33127.0005       0.0403     9.8
0.5820      -33126.9602  -33127.0011       0.0409     9.9
0.5840      -33126.9602  -33127.0019       0.0417    10.1
0.5860      -33126.9602  -33127.0012       0.0410     9.9
0.5880      -33126.9600  -33126.9991       0.0391     9.5
0.5900      -33126.9599  -33126.9980       0.0381     9.2
0.5920      -33126.9600  -33126.9997       0.0397     9.6
0.5940      -33126.9603  -33127.0029       0.0426    10.3
0.5960      -33126.9605  -33127.0042       0.0437    10.6
0.5980      -33126.9601  -33127.0026       0.0425    10.3
0.6000      -33126.9600  -33127.0007       0.0408     9.9
0.6020      -33126.9601  -33127.0008       0.0407     9.8
0.6040      -33126.9601  -33127.0022       0.0420    10.2
0.6060      -33126.9602  -33127.0025       0.0423    10.2
0.6080      -33126.9600  -33127.0013       0.0413    10.0
0.6100      -33126.9598  -33127.0000       0.0402     9.7
0.6120      -33126.9598  -33126.9996       0.0398     9.6
0.6140      -33126.9599  -33126.9993       0.0393     9.5
0.6160      -33126.9599  -33126.9982       0.0382     9.2
0.6180      -33126.9597  -33126.9975       0.0378     9.1
0.6200      -33126.9597  -33126.9987       0.0390     9.4
0.6220      -33126.9599  -33127.0013       0.0415    10.0
0.6240      -33126.9599  -33127.0032       0.0433    10.5
0.6260      -33126.9599  -33127.0034       0.0435    10.5
0.6280      -33126.9598  -33127.0030       0.0432    10.4
0.6300      -33126.9597  -33127.0033       0.0436    10.5
0.6320      -33126.9597  -33127.0043       0.0445    10.8
0.6340      -33126.9599  -33127.0049       0.0450    10.9
0.6360      -33126.9599  -33127.0045       0.0446    10.8
0.6380      -33126.9599  -33127.0033       0.0434    10.5
0.6400      -33126.9598  -33127.0017       0.0419    10.1
0.6420      -33126.9598  -33127.0003       0.0406     9.8
0.6440      -33126.9597  -33127.0002       0.0405     9.8
0.6460      -33126.9596  -33127.0014       0.0418    10.1
0.6480      -33126.9597  -33127.0026       0.0429    10.4
0.6500      -33126.9596  -33127.0023       0.0427    10.3
0.6520      -33126.9595  -33127.0008       0.0412    10.0
0.6540      -33126.9594  -33126.9995       0.0401     9.7
0.6560      -33126.9595  -33126.9996       0.0401     9.7
0.6580      -33126.9596  -33127.0001       0.0405     9.8
0.6600      -33126.9596  -33127.0000       0.0405     9.8
0.6620      -33126.9595  -33127.0002       0.0406     9.8
0.6640      -33126.9597  -33127.0014       0.0418    10.1
0.6660      -33126.9597  -33127.0031       0.0434    10.5
0.6680      -33126.9597  -33127.0035       0.0438    10.6
0.6700      -33126.9594  -33127.0022       0.0429    10.4
0.6720      -33126.9593  -33127.0016       0.0423    10.2
0.6740      -33126.9594  -33127.0030       0.0437    10.6
0.6760      -33126.9594  -33127.0052       0.0459    11.1
0.6780      -33126.9595  -33127.0053       0.0458    11.1
0.6800      -33126.9594  -33127.0028       0.0434    10.5
0.6820      -33126.9593  -33127.0005       0.0412    10.0
0.6840      -33126.9594  -33127.0010       0.0417    10.1
0.6860      -33126.9594  -33127.0039       0.0445    10.8
0.6880      -33126.9595  -33127.0064       0.0469    11.3
0.6900      -33126.9593  -33127.0067       0.0474    11.5
0.6920      -33126.9591  -33127.0061       0.0470    11.4
0.6940      -33126.9591  -33127.0065       0.0473    11.4
0.6960      -33126.9592  -33127.0078       0.0485    11.7
0.6980      -33126.9593  -33127.0085       0.0492    11.9
0.7000      -33126.9593  -33127.0078       0.0486    11.7
0.7020      -33126.9590  -33127.0065       0.0474    11.5
0.7040      -33126.9591  -33127.0053       0.0462    11.2
0.7060      -33126.9592  -33127.0040       0.0449    10.8
0.7080      -33126.9591  -33127.0019       0.0428    10.3
0.7100      -33126.9589  -33126.9995       0.0406     9.8
0.7120      -33126.9588  -33126.9987       0.0399     9.6
0.7140      -33126.9590  -33127.0006       0.0417    10.1
0.7160      -33126.9592  -33127.0036       0.0445    10.8
0.7180      -33126.9593  -33127.0052       0.0460    11.1
0.7200      -33126.9591  -33127.0046       0.0455    11.0
0.7220      -33126.9588  -33127.0036       0.0448    10.8
0.7240      -33126.9588  -33127.0042       0.0454    11.0
0.7260      -33126.9590  -33127.0065       0.0475    11.5
0.7280      -33126.9591  -33127.0084       0.0493    11.9
0.7300      -33126.9591  -33127.0083       0.0492    11.9
0.7320      -33126.9591  -33127.0072       0.0481    11.6
0.7340      -33126.9594  -33127.0065       0.0471    11.4
0.7360      -33126.9596  -33127.0068       0.0472    11.4
0.7380      -33126.9597  -33127.0073       0.0476    11.5
0.7400      -33126.9597  -33127.0074       0.0477    11.5
0.7420      -33126.9596  -33127.0073       0.0477    11.5
0.7440      -33126.9596  -33127.0073       0.0477    11.5
0.7460      -33126.9597  -33127.0071       0.0474    11.4
0.7480      -33126.9597  -33127.0062       0.0465    11.2
0.7500      -33126.9597  -33127.0053       0.0456    11.0
0.7520      -33126.9596  -33127.0051       0.0455    11.0
0.7540      -33126.9596  -33127.0060       0.0463    11.2
0.7560      -33126.9598  -33127.0072       0.0474    11.5
0.7580      -33126.9597  -33127.0075       0.0478    11.5
0.7600      -33126.9595  -33127.0063       0.0468    11.3
0.7620      -33126.9594  -33127.0042       0.0448    10.8
0.7640      -33126.9593  -33127.0026       0.0432    10.5
0.7660      -33126.9593  -33127.0027       0.0434    10.5
0.7680      -33126.9595  -33127.0044       0.0449    10.9
0.7700      -33126.9596  -33127.0055       0.0460    11.1
0.7720      -33126.9595  -33127.0045       0.0450    10.9
0.7740      -33126.9593  -33127.0019       0.0426    10.3
0.7760      -33126.9591  -33127.0008       0.0417    10.1
0.7780      -33126.9593  -33127.0031       0.0438    10.6
0.7800      -33126.9595  -33127.0072       0.0477    11.5
0.7820      -33126.9596  -33127.0100       0.0504    12.2
0.7840      -33126.9594  -33127.0104       0.0510    12.3
0.7860      -33126.9594  -33127.0103       0.0509    12.3
0.7880      -33126.9594  -33127.0114       0.0520    12.6
0.7900      -33126.9595  -33127.0126       0.0532    12.9
0.7920      -33126.9594  -33127.0125       0.0531    12.8
0.7940      -33126.9593  -33127.0115       0.0521    12.6
0.7960      -33126.9593  -33127.0114       0.0521    12.6
0.7980      -33126.9594  -33127.0123       0.0529    12.8
0.8000      -33126.9594  -33127.0118       0.0525    12.7
0.8020      -33126.9592  -33127.0089       0.0498    12.0
0.8040      -33126.9589  -33127.0061       0.0472    11.4
0.8060      -33126.9590  -33127.0065       0.0476    11.5
0.8080      -33126.9592  -33127.0098       0.0506    12.2
0.8100      -33126.9594  -33127.0120       0.0526    12.7
0.8120      -33126.9592  -33127.0106       0.0514    12.4
0.8140      -33126.9590  -33127.0079       0.0489    11.8
0.8160      -33126.9590  -33127.0074       0.0484    11.7
0.8180      -33126.9591  -33127.0094       0.0503    12.2
0.8200      -33126.9590  -33127.0113       0.0524    12.7
0.8220      -33126.9588  -33127.0113       0.0525    12.7
0.8240      -33126.9586  -33127.0103       0.0517    12.5
0.8260      -33126.9585  -33127.0101       0.0516    12.5
0.8280      -33126.9586  -33127.0103       0.0517    12.5
0.8300      -33126.9585  -33127.0101       0.0516    12.5
0.8320      -33126.9584  -33127.0100       0.0516    12.5
0.8340      -33126.9584  -33127.0112       0.0528    12.8
0.8360      -33126.9585  -33127.0139       0.0554    13.4
0.8380      -33126.9587  -33127.0162       0.0576    13.9
0.8400      -33126.9585  -33127.0166       0.0581    14.0
0.8420      -33126.9584  -33127.0156       0.0572    13.8
0.8440      -33126.9582  -33127.0151       0.0569    13.7
0.8460      -33126.9585  -33127.0159       0.0574    13.9
0.8480      -33126.9586  -33127.0172       0.0586    14.2
0.8500      -33126.9588  -33127.0176       0.0588    14.2
0.8520      -33126.9588  -33127.0167       0.0578    14.0
0.8540      -33126.9588  -33127.0145       0.0557    13.5
0.8560      -33126.9587  -33127.0120       0.0533    12.9
0.8580      -33126.9587  -33127.0106       0.0519    12.5
0.8600      -33126.9588  -33127.0111       0.0523    12.7
0.8620      -33126.9589  -33127.0126       0.0537    13.0
0.8640      -33126.9589  -33127.0133       0.0544    13.1
0.8660      -33126.9588  -33127.0121       0.0533    12.9
0.8680      -33126.9586  -33127.0105       0.0519    12.5
0.8700      -33126.9586  -33127.0104       0.0518    12.5
0.8720      -33126.9587  -33127.0120       0.0534    12.9
0.8740      -33126.9586  -33127.0137       0.0551    13.3
0.8760      -33126.9586  -33127.0145       0.0559    13.5
0.8780      -33126.9585  -33127.0151       0.0566    13.7
0.8800      -33126.9586  -33127.0161       0.0576    13.9
0.8820      -33126.9586  -33127.0170       0.0584    14.1
0.8840      -33126.9586  -33127.0169       0.0583    14.1
0.8860      -33126.9585  -33127.0165       0.0580    14.0
0.8880      -33126.9586  -33127.0176       0.0590    14.3
0.8900      -33126.9587  -33127.0201       0.0614    14.8
0.8920      -33126.9587  -33127.0220       0.0632    15.3
0.8940      -33126.9588  -33127.0214       0.0626    15.1
0.8960      -33126.9586  -33127.0195       0.0609    14.7
0.8980      -33126.9586  -33127.0190       0.0604    14.6
0.9000      -33126.9587  -33127.0207       0.0619    15.0
0.9020      -33126.9588  -33127.0226       0.0638    15.4
0.9040      -33126.9588  -33127.0224       0.0636    15.4
0.9060      -33126.9589  -33127.0202       0.0613    14.8
0.9080      -33126.9587  -33127.0181       0.0594    14.4
0.9100      -33126.9589  -33127.0175       0.0585    14.2
0.9120      -33126.9591  -33127.0177       0.0586    14.2
0.9140      -33126.9591  -33127.0176       0.0585    14.1
0.9160      -33126.9591  -33127.0169       0.0578    14.0
0.9180      -33126.9591  -33127.0167       0.0576    13.9
0.9200      -33126.9591  -33127.0172       0.0582    14.1
0.9220      -33126.9591  -33127.0177       0.0586    14.2
0.9240      -33126.9590  -33127.0175       0.0585    14.1
0.9260      -33126.9590  -33127.0173       0.0583    14.1
0.9280      -33126.9589  -33127.0184       0.0594    14.4
0.9300      -33126.9591  -33127.0207       0.0616    14.9
0.9320      -33126.9592  -33127.0228       0.0635    15.4
0.9340      -33126.9593  -33127.0233       0.0640    15.5
0.9360      -33126.9591  -33127.0225       0.0633    15.3
0.9380      -33126.9591  -33127.0221       0.0630    15.2
0.9400      -33126.9590  -33127.0232       0.0642    15.5
0.9420      -33126.9591  -33127.0251       0.0661    16.0
0.9440      -33126.9592  -33127.0263       0.0670    16.2
0.9460      -33126.9591  -33127.0262       0.0671    16.2
0.9480      -33126.9590  -33127.0256       0.0666    16.1
0.9500      -33126.9591  -33127.0254       0.0662    16.0
0.9520      -33126.9592  -33127.0255       0.0664    16.0
0.9540      -33126.9592  -33127.0257       0.0665    16.1
0.9560      -33126.9592  -33127.0256       0.0664    16.1
0.9580      -33126.9593  -33127.0251       0.0658    15.9
0.9600      -33126.9593  -33127.0241       0.0647    15.7
0.9620      -33126.9593  -33127.0227       0.0634    15.3
0.9640      -33126.9592  -33127.0216       0.0623    15.1
0.9660      -33126.9592  -33127.0215       0.0623    15.1
0.9680      -33126.9593  -33127.0224       0.0631    15.3
0.9700      -33126.9593  -33127.0234       0.0641    15.5
0.9720      -33126.9593  -33127.0238       0.0645    15.6
0.9740      -33126.9592  -33127.0240       0.0648    15.7
0.9760      -33126.9591  -33127.0245       0.0654    15.8
0.9780      -33126.9591  -33127.0253       0.0661    16.0
0.9800      -33126.9592  -33127.0260       0.0667    16.1
0.9820      -33126.9592  -33127.0268       0.0675    16.3
0.9840      -33126.9592  -33127.0280       0.0689    16.6
0.9860      -33126.9593  -33127.0295       0.0703    17.0
0.9880      -33126.9595  -33127.0302       0.0707    17.1
0.9900      -33126.9594  -33127.0296       0.0702    17.0
0.9920      -33126.9593  -33127.0292       0.0699    16.9
0.9940      -33126.9593  -33127.0304       0.0711    17.2
0.9960      -33126.9596  -33127.0329       0.0733    17.7
0.9980      -33126.9597  -33127.0345       0.0748    18.1
1.0000      -33126.9594  -33127.0339       0.0745    18.0
1.0020      -33126.9593  -33127.0322       0.0728    17.6
1.0040      -33126.9594  -33127.0313       0.0719    17.4
1.0060      -33126.9595  -33127.0314       0.0719    17.4
1.0080      -33126.9596  -33127.0310       0.0714    17.3
1.0100      -33126.9595  -33127.0294       0.0698    16.9
1.0120      -33126.9594  -33127.0275       0.0681    16.5
1.0140      -33126.9594  -33127.0271       0.0677    16.4
1.0160      -33126.9596  -33127.0277       0.0681    16.5
1.0180      -33126.9596  -33127.0275       0.0679    16.4
1.0200      -33126.9595  -33127.0262       0.0667    16.1
1.0220      -33126.9594  -33127.0254       0.0659    15.9
1.0240      -33126.9595  -33127.0263       0.0668    16.1
1.0260      -33126.9597  -33127.0282       0.0686    16.6
1.0280      -33126.9597  -33127.0292       0.0695    16.8
1.0300      -33126.9595  -33127.0290       0.0695    16.8
1.0320      -33126.9594  -33127.0291       0.0696    16.8
1.0340      -33126.9594  -33127.0307       0.0712    17.2
1.0360      -33126.9596  -33127.0331       0.0734    17.8
1.0380      -33126.9597  -33127.0344       0.0747    18.1
1.0400      -33126.9596  -33127.0342       0.0745    18.0
1.0420      -33126.9596  -33127.0334       0.0738    17.9
1.0440      -33126.9594  -33127.0334       0.0740    17.9
1.0460      -33126.9595  -33127.0345       0.0750    18.1
1.0480      -33126.9596  -33127.0360       0.0764    18.5
1.0500      -33126.9597  -33127.0373       0.0776    18.8
1.0520      -33126.9598  -33127.0381       0.0784    18.9
1.0540      -33126.9598  -33127.0384       0.0786    19.0
1.0560      -33126.9597  -33127.0382       0.0784    19.0
1.0580      -33126.9597  -33127.0378       0.0781    18.9
1.0600      -33126.9598  -33127.0375       0.0777    18.8
1.0620      -33126.9598  -33127.0369       0.0771    18.6
1.0640      -33126.9600  -33127.0356       0.0757    18.3
1.0660      -33126.9599  -33127.0340       0.0741    17.9
1.0680      -33126.9598  -33127.0329       0.0731    17.7
1.0700      -33126.9599  -33127.0326       0.0728    17.6
1.0720      -33126.9600  -33127.0327       0.0727    17.6
1.0740      -33126.9599  -33127.0325       0.0726    17.5
1.0760      -33126.9599  -33127.0328       0.0729    17.6
1.0780      -33126.9598  -33127.0343       0.0745    18.0
1.0800      -33126.9600  -33127.0368       0.0767    18.5
1.0820      -33126.9600  -33127.0384       0.0784    19.0
1.0840      -33126.9600  -33127.0383       0.0783    18.9
1.0860      -33126.9599  -33127.0374       0.0775    18.7
1.0880      -33126.9599  -33127.0378       0.0780    18.8
1.0900      -33126.9600  -33127.0396       0.0797    19.3
1.0920      -33126.9599  -33127.0412       0.0813    19.6
1.0940      -33126.9600  -33127.0410       0.0810    19.6
1.0960      -33126.9598  -33127.0398       0.0799    19.3
1.0980      -33126.9599  -33127.0395       0.0796    19.2
1.1000      -33126.9600  -33127.0408       0.0808    19.5
1.1020      -33126.9601  -33127.0422       0.0821    19.8
1.1040      -33126.9600  -33127.0425       0.0825    19.9
1.1060      -33126.9599  -33127.0421       0.0822    19.9
1.1080      -33126.9599  -33127.0425       0.0825    20.0
1.1100      -33126.9600  -33127.0436       0.0836    20.2
1.1120      -33126.9601  -33127.0440       0.0839    20.3
1.1140      -33126.9600  -33127.0425       0.0826    20.0
1.1160      -33126.9599  -33127.0401       0.0803    19.4
1.1180      -33126.9598  -33127.0387       0.0789    19.1
1.1200      -33126.9600  -33127.0387       0.0787    19.0
1.1220      -33126.9600  -33127.0388       0.0787    19.0
1.1240      -33126.9600  -33127.0378       0.0779    18.8
1.1260      -33126.9599  -33127.0368       0.0769    18.6
1.1280      -33126.9598  -33127.0373       0.0775    18.7
1.1300      -33126.9599  -33127.0399       0.0800    19.3
1.1320      -33126.9600  -33127.0427       0.0827    20.0
1.1340      -33126.9599  -33127.0442       0.0843    20.4
1.1360      -33126.9598  -33127.0443       0.0845    20.4
1.1380      -33126.9597  -33127.0447       0.0850    20.5
1.1400      -33126.9597  -33127.0458       0.0861    20.8
1.1420      -33126.9598  -33127.0466       0.0867    21.0
1.1440      -33126.9597  -33127.0462       0.0864    20.9
1.1460      -33126.9597  -33127.0453       0.0856    20.7
1.1480      -33126.9595  -33127.0454       0.0859    20.8
1.1500      -33126.9597  -33127.0469       0.0872    21.1
1.1520      -33126.9599  -33127.0483       0.0885    21.4
1.1540      -33126.9596  -33127.0488       0.0892    21.6
1.1560      -33126.9596  -33127.0485       0.0890    21.5
1.1580      -33126.9595  -33127.0487       0.0892    21.6
1.1600      -33126.9596  -33127.0496       0.0900    21.8
1.1620      -33126.9596  -33127.0499       0.0903    21.8
1.1640      -33126.9596  -33127.0489       0.0893    21.6
1.1660      -33126.9595  -33127.0469       0.0873    21.1
1.1680      -33126.9596  -33127.0452       0.0856    20.7
1.1700      -33126.9597  -33127.0446       0.0849    20.5
1.1720      -33126.9597  -33127.0447       0.0850    20.6
1.1740      -33126.9598  -33127.0449       0.0852    20.6
1.1760      -33126.9598  -33127.0450       0.0852    20.6
1.1780      -33126.9596  -33127.0453       0.0856    20.7
1.1800      -33126.9596  -33127.0457       0.0861    20.8
1.1820      -33126.9597  -33127.0462       0.0865    20.9
1.1840      -33126.9596  -33127.0468       0.0871    21.1
1.1860      -33126.9596  -33127.0476       0.0881    21.3
1.1880      -33126.9595  -33127.0489       0.0893    21.6
1.1900      -33126.9596  -33127.0504       0.0908    21.9
1.1920      -33126.9596  -33127.0520       0.0924    22.4
1.1940      -33126.9596  -33127.0536       0.0940    22.7
1.1960      -33126.9596  -33127.0546       0.0950    23.0
1.1980      -33126.9595  -33127.0546       0.0951    23.0
1.2000      -33126.9594  -33127.0539       0.0945    22.9
1.2020      -33126.9593  -33127.0536       0.0944    22.8
1.2040      -33126.9592  -33127.0544       0.0952    23.0
1.2060      -33126.9593  -33127.0557       0.0965    23.3
1.2080      -33126.9593  -33127.0565       0.0972    23.5
1.2100      -33126.9593  -33127.0564       0.0971    23.5
1.2120      -33126.9592  -33127.0563       0.0971    23.5
1.2140      -33126.9594  -33127.0568       0.0974    23.5
1.2160      -33126.9595  -33127.0573       0.0978    23.6
1.2180      -33126.9596  -33127.0565       0.0970    23.4
1.2200      -33126.9594  -33127.0544       0.0951    23.0
1.2220      -33126.9593  -33127.0526       0.0933    22.5
1.2240      -33126.9593  -33127.0522       0.0929    22.5
1.2260      -33126.9594  -33127.0531       0.0937    22.7
1.2280      -33126.9594  -33127.0538       0.0944    22.8
1.2300      -33126.9593  -33127.0538       0.0945    22.8
1.2320      -33126.9592  -33127.0538       0.0946    22.9
1.2340      -33126.9593  -33127.0546       0.0953    23.0
1.2360      -33126.9593  -33127.0557       0.0964    23.3
1.2380      -33126.9594  -33127.0560       0.0966    23.4
1.2400      -33126.9595  -33127.0555       0.0960    23.2
1.2420      -33126.9594  -33127.0554       0.0960    23.2
1.2440      -33126.9596  -33127.0565       0.0970    23.4
1.2460      -33126.9596  -33127.0583       0.0987    23.9
1.2480      -33126.9596  -33127.0596       0.1000    24.2
1.2500      -33126.9595  -33127.0600       0.1004    24.3
1.2520      -33126.9595  -33127.0602       0.1007    24.3
1.2540      -33126.9595  -33127.0609       0.1014    24.5
1.2560      -33126.9595  -33127.0618       0.1022    24.7
1.2580      -33126.9596  -33127.0621       0.1025    24.8
1.2600      -33126.9595  -33127.0617       0.1022    24.7
1.2620      -33126.9595  -33127.0612       0.1017    24.6
1.2640      -33126.9594  -33127.0609       0.1016    24.6
1.2660      -33126.9594  -33127.0608       0.1014    24.5
1.2680      -33126.9593  -33127.0608       0.1015    24.5
1.2700      -33126.9592  -33127.0614       0.1022    24.7
1.2720      -33126.9592  -33127.0626       0.1034    25.0
1.2740      -33126.9594  -33127.0635       0.1042    25.2
1.2760      -33126.9592  -33127.0635       0.1042    25.2
1.2780      -33126.9591  -33127.0625       0.1034    25.0
1.2800      -33126.9591  -33127.0617       0.1026    24.8
1.2820      -33126.9591  -33127.0619       0.1028    24.8
1.2840      -33126.9593  -33127.0627       0.1034    25.0
1.2860      -33126.9593  -33127.0633       0.1040    25.2
1.2880      -33126.9592  -33127.0635       0.1043    25.2
1.2900      -33126.9593  -33127.0641       0.1049    25.4
1.2920      -33126.9593  -33127.0655       0.1062    25.7
1.2940      -33126.9595  -33127.0674       0.1079    26.1
1.2960      -33126.9595  -33127.0689       0.1094    26.4
1.2980      -33126.9595  -33127.0697       0.1102    26.6
1.3000      -33126.9595  -33127.0705       0.1110    26.8
1.3020      -33126.9595  -33127.0713       0.1118    27.0
1.3040      -33126.9595  -33127.0714       0.1120    27.1
1.3060      -33126.9594  -33127.0706       0.1112    26.9
1.3080      -33126.9594  -33127.0695       0.1100    26.6
1.3100      -33126.9594  -33127.0694       0.1101    26.6
1.3120      -33126.9593  -33127.0709       0.1116    27.0
1.3140      -33126.9594  -33127.0726       0.1132    27.4
1.3160      -33126.9595  -33127.0730       0.1136    27.5
1.3180      -33126.9594  -33127.0722       0.1128    27.3
1.3200      -33126.9594  -33127.0714       0.1121    27.1
1.3220      -33126.9594  -33127.0715       0.1121    27.1
1.3240      -33126.9594  -33127.0720       0.1126    27.2
1.3260      -33126.9594  -33127.0720       0.1127    27.2
1.3280      -33126.9592  -33127.0718       0.1126    27.2
1.3300      -33126.9592  -33127.0718       0.1126    27.2
1.3320      -33126.9591  -33127.0719       0.1128    27.3
1.3340      -33126.9591  -33127.0715       0.1125    27.2
1.3360      -33126.9590  -33127.0707       0.1118    27.0
1.3380      -33126.9589  -33127.0706       0.1118    27.0
1.3400      -33126.9588  -33127.0721       0.1132    27.4
1.3420      -33126.9591  -33127.0743       0.1152    27.8
1.3440      -33126.9593  -33127.0758       0.1165    28.2
1.3460      -33126.9590  -33127.0758       0.1168    28.2
1.3480      -33126.9590  -33127.0758       0.1168    28.2
1.3500      -33126.9591  -33127.0770       0.1180    28.5
1.3520      -33126.9593  -33127.0791       0.1198    29.0
1.3540      -33126.9594  -33127.0801       0.1207    29.2
1.3560      -33126.9594  -33127.0792       0.1198    29.0
1.3580      -33126.9593  -33127.0774       0.1181    28.6
1.3600      -33126.9593  -33127.0765       0.1172    28.3
1.3620      -33126.9592  -33127.0771       0.1179    28.5
1.3640      -33126.9592  -33127.0788       0.1196    28.9
1.3660      -33126.9592  -33127.0808       0.1216    29.4
1.3680      -33126.9593  -33127.0831       0.1238    29.9
1.3700      -33126.9594  -33127.0849       0.1255    30.3
1.3720      -33126.9592  -33127.0853       0.1260    30.5
1.3740      -33126.9591  -33127.0838       0.1246    30.1
1.3760      -33126.9591  -33127.0814       0.1223    29.6
1.3780      -33126.9590  -33127.0800       0.1210    29.2
1.3800      -33126.9592  -33127.0801       0.1209    29.2
1.3820      -33126.9593  -33127.0811       0.1217    29.4
1.3840      -33126.9592  -33127.0817       0.1225    29.6
1.3860      -33126.9593  -33127.0821       0.1228    29.7
1.3880      -33126.9590  -33127.0829       0.1238    29.9
1.3900      -33126.9590  -33127.0842       0.1252    30.3
1.3920      -33126.9591  -33127.0855       0.1264    30.6
1.3940      -33126.9592  -33127.0864       0.1271    30.7
1.3960      -33126.9592  -33127.0869       0.1277    30.9
1.3980      -33126.9593  -33127.0870       0.1277    30.9
1.4000      -33126.9593  -33127.0862       0.1270    30.7
1.4020      -33126.9591  -33127.0847       0.1256    30.4
1.4040      -33126.9590  -33127.0838       0.1247    30.2
1.4060      -33126.9590  -33127.0851       0.1261    30.5
1.4080      -33126.9591  -33127.0883       0.1292    31.2
1.4100      -33126.9592  -33127.0911       0.1320    31.9
1.4120      -33126.9591  -33127.0917       0.1326    32.1
1.4140      -33126.9591  -33127.0908       0.1318    31.9
1.4160      -33126.9591  -33127.0909       0.1317    31.8
1.4180      -33126.9592  -33127.0925       0.1334    32.2
1.4200      -33126.9593  -33127.0942       0.1349    32.6
1.4220      -33126.9592  -33127.0944       0.1352    32.7
1.4240      -33126.9591  -33127.0936       0.1345    32.5
1.4260      -33126.9592  -33127.0932       0.1340    32.4
1.4280      -33126.9593  -33127.0937       0.1344    32.5
1.4300      -33126.9593  -33127.0939       0.1346    32.5
1.4320      -33126.9592  -33127.0932       0.1340    32.4
1.4340      -33126.9592  -33127.0931       0.1340    32.4
1.4360      -33126.9593  -33127.0949       0.1356    32.8
1.4380      -33126.9593  -33127.0975       0.1381    33.4
1.4400      -33126.9595  -33127.0983       0.1388    33.6
1.4420      -33126.9594  -33127.0967       0.1374    33.2
1.4440      -33126.9593  -33127.0949       0.1357    32.8
1.4460      -33126.9594  -33127.0953       0.1359    32.9
1.4480      -33126.9595  -33127.0971       0.1376    33.3
1.4500      -33126.9594  -33127.0977       0.1383    33.4
1.4520      -33126.9594  -33127.0958       0.1364    33.0
1.4540      -33126.9592  -33127.0930       0.1339    32.4
1.4560      -33126.9591  -33127.0925       0.1334    32.3
1.4580      -33126.9593  -33127.0950       0.1358    32.8
1.4600      -33126.9594  -33127.0987       0.1393    33.7
1.4620      -33126.9594  -33127.1015       0.1421    34.4
1.4640      -33126.9596  -33127.1030       0.1434    34.7
1.4660      -33126.9596  -33127.1035       0.1439    34.8
1.4680      -33126.9597  -33127.1030       0.1433    34.7
1.4700      -33126.9597  -33127.1016       0.1419    34.3
1.4720      -33126.9595  -33127.0999       0.1404    33.9
1.4740      -33126.9595  -33127.0996       0.1401    33.9
1.4760      -33126.9595  -33127.1014       0.1419    34.3
1.4780      -33126.9595  -33127.1041       0.1446    35.0
1.4800      -33126.9591  -33127.1060       0.1468    35.5
1.4820      -33126.9591  -33127.1066       0.1475    35.7
1.4840      -33126.9591  -33127.1070       0.1479    35.8
1.4860      -33126.9590  -33127.1078       0.1488    36.0
1.4880      -33126.9592  -33127.1088       0.1496    36.2
1.4900      -33126.9591  -33127.1089       0.1498    36.2
1.4920      -33126.9592  -33127.1080       0.1488    36.0
1.4940      -33126.9593  -33127.1065       0.1472    35.6
1.4960      -33126.9594  -33127.1052       0.1459    35.3
1.4980      -33126.9594  -33127.1047       0.1453    35.1
1.5000      -33126.9592  -33127.1053       0.1461    35.3
1.5020      -33126.9593  -33127.1071       0.1478    35.7
1.5040      -33126.9595  -33127.1093       0.1498    36.2
1.5060      -33126.9595  -33127.1104       0.1509    36.5
1.5080      -33126.9595  -33127.1101       0.1506    36.4
1.5100      -33126.9593  -33127.1093       0.1500    36.3
1.5120      -33126.9593  -33127.1099       0.1506    36.4
1.5140      -33126.9595  -33127.1119       0.1525    36.9
1.5160      -33126.9597  -33127.1137       0.1540    37.2
1.5180      -33126.9595  -33127.1136       0.1541    37.2
1.5200      -33126.9593  -33127.1122       0.1529    37.0
1.5220      -33126.9591  -33127.1115       0.1524    36.8
1.5240      -33126.9592  -33127.1127       0.1535    37.1
1.5260      -33126.9593  -33127.1151       0.1558    37.7
1.5280      -33126.9591  -33127.1173       0.1581    38.2
1.5300      -33126.9591  -33127.1185       0.1595    38.6
1.5320      -33126.9591  -33127.1194       0.1603    38.8
1.5340      -33126.9593  -33127.1202       0.1609    38.9
1.5360      -33126.9593  -33127.1201       0.1608    38.9
1.5380      -33126.9592  -33127.1189       0.1597    38.6
1.5400      -33126.9591  -33127.1172       0.1581    38.2
1.5420      -33126.9590  -33127.1163       0.1573    38.0
1.5440      -33126.9591  -33127.1165       0.1574    38.1
1.5460      -33126.9593  -33127.1167       0.1575    38.1
1.5480      -33126.9593  -33127.1159       0.1566    37.9
1.5500      -33126.9591  -33127.1145       0.1554    37.6
1.5520      -33126.9591  -33127.1145       0.1553    37.6
1.5540      -33126.9592  -33127.1165       0.1573    38.0
1.5560      -33126.9594  -33127.1193       0.1599    38.7
1.5580      -33126.9595  -33127.1207       0.1612    39.0
1.5600      -33126.9594  -33127.1199       0.1604    38.8
1.5620      -33126.9594  -33127.1179       0.1585    38.3
1.5640      -33126.9593  -33127.1168       0.1575    38.1
1.5660      -33126.9592  -33127.1171       0.1578    38.2
1.5680      -33126.9593  -33127.1184       0.1591    38.5
1.5700      -33126.9594  -33127.1203       0.1609    38.9
1.5720      -33126.9594  -33127.1226       0.1632    39.4
1.5740      -33126.9596  -33127.1251       0.1654    40.0
1.5760      -33126.9597  -33127.1271       0.1674    40.5
1.5780      -33126.9597  -33127.1282       0.1685    40.7
1.5800      -33126.9594  -33127.1289       0.1695    41.0
1.5820      -33126.9594  -33127.1296       0.1703    41.2
1.5840      -33126.9595  -33127.1302       0.1707    41.3
1.5860      -33126.9596  -33127.1297       0.1701    41.1
1.5880      -33126.9596  -33127.1281       0.1685    40.7
1.5900      -33126.9595  -33127.1266       0.1671    40.4
1.5920      -33126.9596  -33127.1267       0.1671    40.4
1.5940      -33126.9597  -33127.1281       0.1684    40.7
1.5960      -33126.9596  -33127.1289       0.1693    40.9
1.5980      -33126.9594  -33127.1283       0.1689    40.8
1.6000      -33126.9592  -33127.1274       0.1682    40.7
1.6020      -33126.9592  -33127.1277       0.1685    40.7
1.6040      -33126.9594  -33127.1288       0.1694    40.9
1.6060      -33126.9595  -33127.1288       0.1693    40.9
1.6080      -33126.9594  -33127.1270       0.1676    40.5
1.6100      -33126.9592  -33127.1248       0.1657    40.0
1.6120      -33126.9593  -33127.1245       0.1652    39.9
1.6140      -33126.9594  -33127.1258       0.1663    40.2
1.6160      -33126.9595  -33127.1269       0.1675    40.5
1.6180      -33126.9594  -33127.1273       0.1679    40.6
1.6200      -33126.9593  -33127.1281       0.1687    40.8
1.6220      -33126.9595  -33127.1307       0.1712    41.4
1.6240      -33126.9595  -33127.1342       0.1746    42.2
1.6260      -33126.9595  -33127.1361       0.1766    42.7
1.6280      -33126.9594  -33127.1357       0.1763    42.6
1.6300      -33126.9593  -33127.1348       0.1754    42.4
1.6320      -33126.9594  -33127.1351       0.1757    42.5
1.6340      -33126.9595  -33127.1363       0.1768    42.7
1.6360      -33126.9597  -33127.1368       0.1771    42.8
1.6380      -33126.9597  -33127.1360       0.1763    42.6
1.6400      -33126.9595  -33127.1349       0.1754    42.4
1.6420      -33126.9596  -33127.1347       0.1751    42.3
1.6440      -33126.9597  -33127.1351       0.1754    42.4
1.6460      -33126.9597  -33127.1355       0.1758    42.5
1.6480      -33126.9598  -33127.1359       0.1761    42.6
1.6500      -33126.9599  -33127.1363       0.1764    42.7
1.6520      -33126.9601  -33127.1366       0.1765    42.7
1.6540      -33126.9600  -33127.1357       0.1757    42.5
1.6560      -33126.9599  -33127.1339       0.1741    42.1
1.6580      -33126.9597  -33127.1325       0.1728    41.8
1.6600      -33126.9597  -33127.1322       0.1726    41.7
1.6620      -33126.9597  -33127.1325       0.1729    41.8
1.6640      -33126.9596  -33127.1325       0.1729    41.8
1.6660      -33126.9595  -33127.1326       0.1731    41.8
1.6680      -33126.9594  -33127.1342       0.1748    42.3
1.6700      -33126.9595  -33127.1376       0.1781    43.1
1.6720      -33126.9597  -33127.1411       0.1813    43.8
1.6740      -33126.9597  -33127.1427       0.1830    44.2
1.6760      -33126.9597  -33127.1429       0.1832    44.3
1.6780      -33126.9596  -33127.1432       0.1835    44.4
1.6800      -33126.9599  -33127.1441       0.1842    44.5
1.6820      -33126.9601  -33127.1447       0.1846    44.6
1.6840      -33126.9600  -33127.1442       0.1842    44.5
1.6860      -33126.9599  -33127.1436       0.1837    44.4
1.6880      -33126.9598  -33127.1443       0.1846    44.6
1.6900      -33126.9597  -33127.1462       0.1865    45.1
1.6920      -33126.9599  -33127.1475       0.1876    45.4
1.6940      -33126.9597  -33127.1473       0.1876    45.4
1.6960      -33126.9594  -33127.1465       0.1871    45.2
1.6980      -33126.9596  -33127.1466       0.1870    45.2
1.7000      -33126.9596  -33127.1474       0.1877    45.4
1.7020      -33126.9597  -33127.1473       0.1876    45.4
1.7040      -33126.9597  -33127.1459       0.1862    45.0
1.7060      -33126.9597  -33127.1441       0.1845    44.6
1.7080      -33126.9596  -33127.1435       0.1840    44.5
1.7100      -33126.9596  -33127.1443       0.1847    44.7
1.7120      -33126.9596  -33127.1453       0.1857    44.9
1.7140      -33126.9595  -33127.1457       0.1862    45.0
1.7160      -33126.9594  -33127.1460       0.1866    45.1
1.7180      -33126.9594  -33127.1474       0.1880    45.5
1.7200      -33126.9594  -33127.1499       0.1905    46.0
1.7220      -33126.9593  -33127.1527       0.1933    46.7
1.7240      -33126.9593  -33127.1549       0.1955    47.3
1.7260      -33126.9594  -33127.1566       0.1972    47.7
1.7280      -33126.9595  -33127.1584       0.1989    48.1
1.7300      -33126.9595  -33127.1604       0.2009    48.6
1.7320      -33126.9595  -33127.1616       0.2020    48.8
1.7340      -33126.9595  -33127.1615       0.2020    48.8
1.7360      -33126.9593  -33127.1608       0.2015    48.7
1.7380      -33126.9594  -33127.1608       0.2014    48.7
1.7400      -33126.9592  -33127.1620       0.2028    49.0
1.7420      -33126.9592  -33127.1634       0.2042    49.4
1.7440      -33126.9591  -33127.1641       0.2050    49.6
1.7460      -33126.9591  -33127.1642       0.2051    49.6
1.7480      -33126.9592  -33127.1647       0.2055    49.7
1.7500      -33126.9591  -33127.1657       0.2066    50.0
1.7520      -33126.9591  -33127.1659       0.2069    50.0
1.7540      -33126.9590  -33127.1646       0.2056    49.7
1.7560      -33126.9589  -33127.1625       0.2036    49.2
1.7580      -33126.9589  -33127.1612       0.2023    48.9
1.7600      -33126.9589  -33127.1611       0.2022    48.9
1.7620      -33126.9590  -33127.1616       0.2027    49.0
1.7640      -33126.9590  -33127.1623       0.2033    49.2
1.7660      -33126.9590  -33127.1635       0.2045    49.4
1.7680      -33126.9591  -33127.1655       0.2064    49.9
1.7700      -33126.9592  -33127.1676       0.2084    50.4
1.7720      -33126.9591  -33127.1693       0.2102    50.8
1.7740      -33126.9590  -33127.1712       0.2122    51.3
1.7760      -33126.9589  -33127.1740       0.2151    52.0
1.7780      -33126.9590  -33127.1774       0.2185    52.8
1.7800      -33126.9589  -33127.1799       0.2210    53.4
1.7820      -33126.9588  -33127.1808       0.2220    53.7
1.7840      -33126.9587  -33127.1812       0.2225    53.8
1.7860      -33126.9590  -33127.1824       0.2234    54.0
1.7880      -33126.9592  -33127.1839       0.2247    54.3
1.7900      -33126.9591  -33127.1845       0.2254    54.5
1.7920      -33126.9589  -33127.1845       0.2256    54.5
1.7940      -33126.9590  -33127.1853       0.2263    54.7
1.7960      -33126.9592  -33127.1872       0.2279    55.1
1.7980      -33126.9593  -33127.1883       0.2289    55.4
1.8000      -33126.9592  -33127.1876       0.2284    55.2
1.8020      -33126.9589  -33127.1865       0.2276    55.0
1.8040      -33126.9589  -33127.1871       0.2282    55.2
1.8060      -33126.9591  -33127.1889       0.2299    55.6
1.8080      -33126.9591  -33127.1893       0.2302    55.6
1.8100      -33126.9588  -33127.1871       0.2283    55.2
1.8120      -33126.9586  -33127.1844       0.2258    54.6
1.8140      -33126.9588  -33127.1840       0.2252    54.5
1.8160      -33126.9589  -33127.1855       0.2266    54.8
1.8180      -33126.9590  -33127.1866       0.2276    55.0
1.8200      -33126.9589  -33127.1862       0.2273    55.0
1.8220      -33126.9589  -33127.1862       0.2273    54.9
1.8240      -33126.9590  -33127.1880       0.2291    55.4
1.8260      -33126.9590  -33127.1911       0.2321    56.1
1.8280      -33126.9591  -33127.1936       0.2346    56.7
1.8300      -33126.9588  -33127.1951       0.2363    57.1
1.8320      -33126.9587  -33127.1968       0.2381    57.6
1.8340      -33126.9588  -33127.1990       0.2402    58.1
1.8360      -33126.9590  -33127.2006       0.2416    58.4
1.8380      -33126.9591  -33127.2010       0.2418    58.5
1.8400      -33126.9590  -33127.2008       0.2417    58.4
1.8420      -33126.9590  -33127.2013       0.2423    58.6
1.8440      -33126.9592  -33127.2022       0.2430    58.7
1.8460      -33126.9592  -33127.2023       0.2431    58.8
1.8480      -33126.9593  -33127.2012       0.2420    58.5
1.8500      -33126.9593  -33127.1999       0.2406    58.2
1.8520      -33126.9594  -33127.1995       0.2402    58.1
1.8540      -33126.9595  -33127.2000       0.2405    58.1
1.8560      -33126.9596  -33127.2007       0.2411    58.3
1.8580      -33126.9595  -33127.2012       0.2417    58.4
1.8600      -33126.9595  -33127.2011       0.2416    58.4
1.8620      -33126.9594  -33127.2003       0.2409    58.2
1.8640      -33126.9593  -33127.1990       0.2397    57.9
1.8660      -33126.9593  -33127.1981       0.2388    57.7
1.8680      -33126.9592  -33127.1983       0.2390    57.8
1.8700      -33126.9593  -33127.1992       0.2398    58.0
1.8720      -33126.9595  -33127.1996       0.2401    58.0
1.8740      -33126.9594  -33127.1988       0.2395    57.9
1.8760      -33126.9594  -33127.1979       0.2385    57.7
1.8780      -33126.9590  -33127.1978       0.2388    57.7
1.8800      -33126.9592  -33127.1990       0.2398    58.0
1.8820      -33126.9595  -33127.2004       0.2410    58.3
1.8840      -33126.9593  -33127.2016       0.2423    58.6
1.8860      -33126.9594  -33127.2025       0.2431    58.8
1.8880      -33126.9593  -33127.2031       0.2438    58.9
1.8900      -33126.9595  -33127.2032       0.2437    58.9
1.8920      -33126.9595  -33127.2029       0.2434    58.9
1.8940      -33126.9594  -33127.2027       0.2433    58.8
1.8960      -33126.9594  -33127.2029       0.2435    58.9
1.8980      -33126.9596  -33127.2027       0.2431    58.8
1.9000      -33126.9597  -33127.2012       0.2415    58.4
1.9020      -33126.9597  -33127.1983       0.2386    57.7
1.9040      -33126.9596  -33127.1952       0.2356    57.0
1.9060      -33126.9596  -33127.1932       0.2336    56.5
1.9080      -33126.9596  -33127.1924       0.2328    56.3
1.9100      -33126.9597  -33127.1918       0.2321    56.1
1.9120      -33126.9596  -33127.1902       0.2306    55.7
1.9140      -33126.9595  -33127.1879       0.2284    55.2
1.9160      -33126.9594  -33127.1859       0.2264    54.7
1.9180      -33126.9594  -33127.1849       0.2255    54.5
1.9200      -33126.9594  -33127.1847       0.2253    54.5
1.9220      -33126.9593  -33127.1839       0.2246    54.3
1.9240      -33126.9594  -33127.1823       0.2228    53.9
1.9260      -33126.9594  -33127.1800       0.2206    53.3
1.9280      -33126.9596  -33127.1779       0.2183    52.8
1.9300      -33126.9599  -33127.1760       0.2161    52.2
1.9320      -33126.9599  -33127.1740       0.2141    51.8
1.9340      -33126.9597  -33127.1720       0.2123    51.3
1.9360      -33126.9597  -33127.1702       0.2106    50.9
1.9380      -33126.9596  -33127.1687       0.2091    50.5
1.9400      -33126.9594  -33127.1669       0.2075    50.2
1.9420      -33126.9596  -33127.1645       0.2049    49.5
1.9440      -33126.9596  -33127.1616       0.2020    48.8
1.9460      -33126.9595  -33127.1590       0.1995    48.2
1.9480      -33126.9594  -33127.1569       0.1975    47.7
1.9500      -33126.9595  -33127.1550       0.1954    47.2
1.9520      -33126.9595  -33127.1527       0.1932    46.7
1.9540      -33126.9594  -33127.1497       0.1903    46.0
1.9560      -33126.9594  -33127.1461       0.1867    45.1
1.9580      -33126.9594  -33127.1423       0.1829    44.2
1.9600      -33126.9593  -33127.1389       0.1795    43.4
1.9620      -33126.9594  -33127.1361       0.1767    42.7
1.9640      -33126.9594  -33127.1338       0.1744    42.2
1.9660      -33126.9595  -33127.1311       0.1716    41.5
1.9680      -33126.9594  -33127.1279       0.1685    40.7
1.9700      -33126.9593  -33127.1247       0.1654    40.0
1.9720      -33126.9594  -33127.1222       0.1629    39.4
1.9740      -33126.9594  -33127.1205       0.1612    39.0
1.9760      -33126.9594  -33127.1190       0.1596    38.6
1.9780      -33126.9594  -33127.1171       0.1577    38.1
1.9800      -33126.9593  -33127.1153       0.1560    37.7
1.9820      -33126.9593  -33127.1136       0.1543    37.3
1.9840      -33126.9592  -33127.1115       0.1523    36.8
1.9860      -33126.9593  -33127.1088       0.1495    36.1
1.9880      -33126.9592  -33127.1060       0.1468    35.5
1.9900      -33126.9593  -33127.1034       0.1442    34.9
1.9920      -33126.9592  -33127.1010       0.1418    34.3
1.9940      -33126.9588  -33127.0979       0.1390    33.6
1.9960      -33126.9588  -33127.0944       0.1355    32.8
1.9980      -33126.9589  -33127.0916       0.1327    32.1
2.0000      -33126.9590  -33127.0902       0.1312    31.7
